{"name": "test_sub1", "status": "failed", "statusDetails": {"message": "AssertionError: assert (2 + 2) == 1", "trace": "def test_sub1():\n>       assert 2 + 2 == 1\nE       assert (2 + 2) == 1\n\n22_03_Mar2024\\test_Lab093.py:5: AssertionError"}, "start": 1711300868475, "stop": 1711300868475, "uuid": "dd4a71f3-e3fa-4525-a65d-587b489e8365", "historyId": "7cbc90b9ac59e49d4daa4691e748d493", "testCaseId": "7cbc90b9ac59e49d4daa4691e748d493", "fullName": "22_03_Mar2024.test_Lab093#test_sub1", "labels": [{"name": "parentSuite", "value": "22_03_Mar2024"}, {"name": "suite", "value": "test_Lab093"}, {"name": "host", "value": "DESKTOP-EO7UQ6M"}, {"name": "thread", "value": "9588-MainThread"}, {"name": "framework", "value": "pytest"}, {"name": "language", "value": "cpython3"}, {"name": "package", "value": "22_03_Mar2024.test_Lab093"}]}