{"name": "test_sub1", "status": "failed", "statusDetails": {"message": "AssertionError: assert (2 + 2) == 1", "trace": "def test_sub1():\n>       assert 2 + 2 == 1\nE       assert (2 + 2) == 1\n\n22_03_Mar2024\\test_Lab093.py:5: AssertionError"}, "start": 1711301254419, "stop": 1711301254420, "uuid": "4399251d-add8-4f2f-934c-945ff9c97626", "historyId": "7cbc90b9ac59e49d4daa4691e748d493", "testCaseId": "7cbc90b9ac59e49d4daa4691e748d493", "fullName": "22_03_Mar2024.test_Lab093#test_sub1", "labels": [{"name": "parentSuite", "value": "22_03_Mar2024"}, {"name": "suite", "value": "test_Lab093"}, {"name": "host", "value": "DESKTOP-EO7UQ6M"}, {"name": "thread", "value": "10284-MainThread"}, {"name": "framework", "value": "pytest"}, {"name": "language", "value": "cpython3"}, {"name": "package", "value": "22_03_Mar2024.test_Lab093"}]}